<?xml version="1.0" encoding="UTF-8"?>
<testsuite name="models.BoardTest" tests="2" skipped="0" failures="0" errors="0" timestamp="2023-02-24T10:00:53" hostname="Vigneshs-MacBook-Pro.local" time="0.032">
  <properties/>
  <testcase name="should die after two iterations()" classname="models.BoardTest" time="0.029"/>
  <testcase name="should have one cell after one iteration()" classname="models.BoardTest" time="0.003"/>
  <system-out><![CDATA[0 0
2
0 1
3
0 2
2
1 0
1
1 1
2
1 2
1
2 0
2
2 1
3
2 2
2
0 0
2
0 1
3
0 2
2
1 0
1
1 1
2
1 2
1
2 0
2
2 1
3
2 2
2
0 0
2
0 1
1
0 2
2
1 0
3
1 1
2
1 2
3
2 0
2
2 1
1
2 2
2
]]></system-out>
  <system-err><![CDATA[]]></system-err>
</testsuite>
